2026-04-11 22:56:05,489 - INFO - Starting trading bot...
2026-04-11 22:56:05,490 - INFO - Dry run mode: True
2026-04-11 22:56:05,490 - INFO - Market open - rotating positions
2026-04-11 22:56:05,490 - INFO - Running daily position rotation...
2026-04-11 22:56:05,490 - INFO - Closing all positions...
2026-04-11 22:56:05,767 - ERROR - Alpaca API error: 401 Client Error: Unauthorized for url: https://api.alpaca.markets/v2/account
2026-04-11 22:56:05,768 - ERROR - Error: unsupported format string passed to NoneType.__format__
2026-04-11 22:57:45,885 - INFO - Starting trading bot...
2026-04-11 22:57:45,885 - INFO - Dry run mode: True
2026-04-11 22:57:45,885 - INFO - Market closed - waiting
2026-04-11 22:58:50,552 - INFO - Starting trading bot...
2026-04-11 22:58:50,553 - INFO - Dry run mode: False
2026-04-11 22:58:50,553 - INFO - Market closed - waiting
2026-04-11 22:59:37,138 - INFO - Starting trading bot...
2026-04-11 22:59:37,138 - INFO - Dry run mode: False
2026-04-11 22:59:37,138 - INFO - Market closed - waiting
2026-04-11 23:04:37,237 - INFO - Market closed - waiting
2026-04-11 23:09:37,328 - INFO - Market closed - waiting
2026-04-11 23:13:08,104 - INFO - Starting trading bot...
2026-04-11 23:13:08,104 - INFO - Dry run mode: False
2026-04-11 23:13:08,104 - INFO - Market closed - waiting
